<?xml version="1.0" encoding="UTF-8"?>
<!-- Generated by org.testng.reporters.JUnitReportReporter -->
<testsuite hostname="lin80028144" failures="0" tests="1" name="nidakouser.DragDropDemo" time="11.001" errors="0" timestamp="2024-04-16T15:19:15 IST" skipped="0">
  <testcase classname="nidakouser.DragDropDemo" name="DragDropTest" time="11.001"/>
</testsuite> <!-- nidakouser.DragDropDemo -->
