<?xml version="1.0" encoding="UTF-8"?>
<!-- Generated by org.testng.reporters.JUnitReportReporter -->
<testsuite hostname="lin80028144" failures="0" tests="1" name="nidakouser.MiscellaneousAppiumActions" time="22.661" errors="0" timestamp="2024-04-16T17:17:43 IST" skipped="0">
  <testcase classname="nidakouser.MiscellaneousAppiumActions" name="Miscellaneous" time="22.661"/>
</testsuite> <!-- nidakouser.MiscellaneousAppiumActions -->
