<?xml version="1.0" encoding="UTF-8"?>
<!-- Generated by org.testng.reporters.JUnitReportReporter -->
<testsuite hostname="lin80028144" failures="0" tests="1" name="nidakouser.SwipeDemo" time="9.494" errors="0" timestamp="2024-04-16T14:41:54 IST" skipped="0">
  <testcase classname="nidakouser.SwipeDemo" name="SwipeDemoTest" time="9.494"/>
</testsuite> <!-- nidakouser.SwipeDemo -->
