<?xml version="1.0" encoding="UTF-8"?>
<!-- Generated by org.testng.reporters.JUnitReportReporter -->
<testsuite hostname="lin80028144" failures="0" tests="1" name="nidakouser.ScrollDemo" time="12.569" errors="0" timestamp="2024-04-16T11:58:44 IST" skipped="0">
  <testcase classname="nidakouser.ScrollDemo" name="ScrollDemoTest" time="12.569"/>
</testsuite> <!-- nidakouser.ScrollDemo -->
