<?xml version="1.0" encoding="UTF-8"?>
<!-- Generated by org.testng.reporters.JUnitReportReporter -->
<testsuite hostname="lin80028144" failures="0" tests="1" name="nidakouser.AppiumBasics" time="12.950" errors="0" timestamp="2024-04-15T21:42:04 IST" skipped="0">
  <testcase classname="nidakouser.AppiumBasics" name="WifiSettingsName" time="12.950"/>
</testsuite> <!-- nidakouser.AppiumBasics -->
